C:\USERS\UMROOT\DESKTOP\NATNET_SDK_2.10\NATNETSDK\SAMPLES\SAMPLECLIENT\DEBUG\SAMPLECLIENT.OBJ
C:\USERS\UMROOT\DESKTOP\NATNET_SDK_2.10\NATNETSDK\SAMPLES\SAMPLECLIENT\DEBUG\GLOBALS.OBJ
C:\USERS\UMROOT\DESKTOP\NATNET_SDK_2.10\NATNETSDK\SAMPLES\SAMPLECLIENT\DEBUG\COMMS.OBJ
C:\USERS\UMROOT\DESKTOP\NATNET_SDK_2.10\NATNETSDK\SAMPLES\SAMPLECLIENT\DEBUG\VC110.PDB
C:\Users\umroot\Desktop\NatNet_SDK_2.10\NatNetSDK\Samples\SampleClient\Debug\SampleClient.vcxprojResolveAssemblyReference.cache
C:\Users\umroot\Desktop\NatNet_SDK_2.10\NatNetSDK\Samples\SampleClient\Debug\comms.obj
C:\Users\umroot\Desktop\NatNet_SDK_2.10\NatNetSDK\Samples\SampleClient\Debug\Globals.obj
C:\Users\umroot\Desktop\NatNet_SDK_2.10\NatNetSDK\Samples\SampleClient\Debug\SampleClient.obj
C:\Users\umroot\Desktop\NatNet_SDK_2.10\NatNetSDK\Samples\SampleClient\Debug\cl.command.1.tlog
C:\Users\umroot\Desktop\NatNet_SDK_2.10\NatNetSDK\Samples\SampleClient\Debug\CL.read.1.tlog
C:\Users\umroot\Desktop\NatNet_SDK_2.10\NatNetSDK\Samples\SampleClient\Debug\CL.write.1.tlog
C:\Users\umroot\Desktop\NatNet_SDK_2.10\NatNetSDK\Samples\SampleClient\Debug\link-cvtres.read.1.tlog
C:\Users\umroot\Desktop\NatNet_SDK_2.10\NatNetSDK\Samples\SampleClient\Debug\link-cvtres.write.1.tlog
C:\Users\umroot\Desktop\NatNet_SDK_2.10\NatNetSDK\Samples\SampleClient\Debug\link-rc.read.1.tlog
C:\Users\umroot\Desktop\NatNet_SDK_2.10\NatNetSDK\Samples\SampleClient\Debug\link-rc.write.1.tlog
C:\Users\umroot\Desktop\NatNet_SDK_2.10\NatNetSDK\Samples\SampleClient\Debug\link.3920-cvtres.read.1.tlog
C:\Users\umroot\Desktop\NatNet_SDK_2.10\NatNetSDK\Samples\SampleClient\Debug\link.3920-cvtres.write.1.tlog
C:\Users\umroot\Desktop\NatNet_SDK_2.10\NatNetSDK\Samples\SampleClient\Debug\link.3920-rc.read.1.tlog
C:\Users\umroot\Desktop\NatNet_SDK_2.10\NatNetSDK\Samples\SampleClient\Debug\link.3920-rc.write.1.tlog
C:\Users\umroot\Desktop\NatNet_SDK_2.10\NatNetSDK\Samples\SampleClient\Debug\link.3920.read.1.tlog
C:\Users\umroot\Desktop\NatNet_SDK_2.10\NatNetSDK\Samples\SampleClient\Debug\link.3920.write.1.tlog
C:\Users\umroot\Desktop\NatNet_SDK_2.10\NatNetSDK\Samples\SampleClient\Debug\link.3988-cvtres.read.1.tlog
C:\Users\umroot\Desktop\NatNet_SDK_2.10\NatNetSDK\Samples\SampleClient\Debug\link.3988-cvtres.write.1.tlog
C:\Users\umroot\Desktop\NatNet_SDK_2.10\NatNetSDK\Samples\SampleClient\Debug\link.3988-rc.read.1.tlog
C:\Users\umroot\Desktop\NatNet_SDK_2.10\NatNetSDK\Samples\SampleClient\Debug\link.3988-rc.write.1.tlog
C:\Users\umroot\Desktop\NatNet_SDK_2.10\NatNetSDK\Samples\SampleClient\Debug\link.3988.read.1.tlog
C:\Users\umroot\Desktop\NatNet_SDK_2.10\NatNetSDK\Samples\SampleClient\Debug\link.3988.write.1.tlog
C:\Users\umroot\Desktop\NatNet_SDK_2.10\NatNetSDK\Samples\SampleClient\Debug\link.4132-cvtres.read.1.tlog
C:\Users\umroot\Desktop\NatNet_SDK_2.10\NatNetSDK\Samples\SampleClient\Debug\link.4132-cvtres.write.1.tlog
C:\Users\umroot\Desktop\NatNet_SDK_2.10\NatNetSDK\Samples\SampleClient\Debug\link.4132-rc.read.1.tlog
C:\Users\umroot\Desktop\NatNet_SDK_2.10\NatNetSDK\Samples\SampleClient\Debug\link.4132-rc.write.1.tlog
C:\Users\umroot\Desktop\NatNet_SDK_2.10\NatNetSDK\Samples\SampleClient\Debug\link.4132.read.1.tlog
C:\Users\umroot\Desktop\NatNet_SDK_2.10\NatNetSDK\Samples\SampleClient\Debug\link.4132.write.1.tlog
C:\Users\umroot\Desktop\NatNet_SDK_2.10\NatNetSDK\Samples\SampleClient\Debug\link.4248-cvtres.read.1.tlog
C:\Users\umroot\Desktop\NatNet_SDK_2.10\NatNetSDK\Samples\SampleClient\Debug\link.4248-cvtres.write.1.tlog
C:\Users\umroot\Desktop\NatNet_SDK_2.10\NatNetSDK\Samples\SampleClient\Debug\link.4248-rc.read.1.tlog
C:\Users\umroot\Desktop\NatNet_SDK_2.10\NatNetSDK\Samples\SampleClient\Debug\link.4248-rc.write.1.tlog
C:\Users\umroot\Desktop\NatNet_SDK_2.10\NatNetSDK\Samples\SampleClient\Debug\link.4248.read.1.tlog
C:\Users\umroot\Desktop\NatNet_SDK_2.10\NatNetSDK\Samples\SampleClient\Debug\link.4248.write.1.tlog
C:\Users\umroot\Desktop\NatNet_SDK_2.10\NatNetSDK\Samples\SampleClient\Debug\link.4508-cvtres.read.1.tlog
C:\Users\umroot\Desktop\NatNet_SDK_2.10\NatNetSDK\Samples\SampleClient\Debug\link.4508-cvtres.write.1.tlog
C:\Users\umroot\Desktop\NatNet_SDK_2.10\NatNetSDK\Samples\SampleClient\Debug\link.4508-rc.read.1.tlog
C:\Users\umroot\Desktop\NatNet_SDK_2.10\NatNetSDK\Samples\SampleClient\Debug\link.4508-rc.write.1.tlog
C:\Users\umroot\Desktop\NatNet_SDK_2.10\NatNetSDK\Samples\SampleClient\Debug\link.4508.read.1.tlog
C:\Users\umroot\Desktop\NatNet_SDK_2.10\NatNetSDK\Samples\SampleClient\Debug\link.4508.write.1.tlog
C:\Users\umroot\Desktop\NatNet_SDK_2.10\NatNetSDK\Samples\SampleClient\Debug\link.4692-cvtres.read.1.tlog
C:\Users\umroot\Desktop\NatNet_SDK_2.10\NatNetSDK\Samples\SampleClient\Debug\link.4692-cvtres.write.1.tlog
C:\Users\umroot\Desktop\NatNet_SDK_2.10\NatNetSDK\Samples\SampleClient\Debug\link.4692-rc.read.1.tlog
C:\Users\umroot\Desktop\NatNet_SDK_2.10\NatNetSDK\Samples\SampleClient\Debug\link.4692-rc.write.1.tlog
C:\Users\umroot\Desktop\NatNet_SDK_2.10\NatNetSDK\Samples\SampleClient\Debug\link.4692.read.1.tlog
C:\Users\umroot\Desktop\NatNet_SDK_2.10\NatNetSDK\Samples\SampleClient\Debug\link.4692.write.1.tlog
C:\Users\umroot\Desktop\NatNet_SDK_2.10\NatNetSDK\Samples\SampleClient\Debug\link.4912-cvtres.read.1.tlog
C:\Users\umroot\Desktop\NatNet_SDK_2.10\NatNetSDK\Samples\SampleClient\Debug\link.4912-cvtres.write.1.tlog
C:\Users\umroot\Desktop\NatNet_SDK_2.10\NatNetSDK\Samples\SampleClient\Debug\link.4912-rc.read.1.tlog
C:\Users\umroot\Desktop\NatNet_SDK_2.10\NatNetSDK\Samples\SampleClient\Debug\link.4912-rc.write.1.tlog
C:\Users\umroot\Desktop\NatNet_SDK_2.10\NatNetSDK\Samples\SampleClient\Debug\link.4912.read.1.tlog
C:\Users\umroot\Desktop\NatNet_SDK_2.10\NatNetSDK\Samples\SampleClient\Debug\link.4912.write.1.tlog
C:\Users\umroot\Desktop\NatNet_SDK_2.10\NatNetSDK\Samples\SampleClient\Debug\link.4948-cvtres.read.1.tlog
C:\Users\umroot\Desktop\NatNet_SDK_2.10\NatNetSDK\Samples\SampleClient\Debug\link.4948-cvtres.write.1.tlog
C:\Users\umroot\Desktop\NatNet_SDK_2.10\NatNetSDK\Samples\SampleClient\Debug\link.4948-rc.read.1.tlog
C:\Users\umroot\Desktop\NatNet_SDK_2.10\NatNetSDK\Samples\SampleClient\Debug\link.4948-rc.write.1.tlog
C:\Users\umroot\Desktop\NatNet_SDK_2.10\NatNetSDK\Samples\SampleClient\Debug\link.4948.read.1.tlog
C:\Users\umroot\Desktop\NatNet_SDK_2.10\NatNetSDK\Samples\SampleClient\Debug\link.4948.write.1.tlog
C:\Users\umroot\Desktop\NatNet_SDK_2.10\NatNetSDK\Samples\SampleClient\Debug\link.6436-cvtres.read.1.tlog
C:\Users\umroot\Desktop\NatNet_SDK_2.10\NatNetSDK\Samples\SampleClient\Debug\link.6436-cvtres.write.1.tlog
C:\Users\umroot\Desktop\NatNet_SDK_2.10\NatNetSDK\Samples\SampleClient\Debug\link.6436-rc.read.1.tlog
C:\Users\umroot\Desktop\NatNet_SDK_2.10\NatNetSDK\Samples\SampleClient\Debug\link.6436-rc.write.1.tlog
C:\Users\umroot\Desktop\NatNet_SDK_2.10\NatNetSDK\Samples\SampleClient\Debug\link.6436.read.1.tlog
C:\Users\umroot\Desktop\NatNet_SDK_2.10\NatNetSDK\Samples\SampleClient\Debug\link.6436.write.1.tlog
C:\Users\umroot\Desktop\NatNet_SDK_2.10\NatNetSDK\Samples\SampleClient\Debug\link.command.1.tlog
C:\Users\umroot\Desktop\NatNet_SDK_2.10\NatNetSDK\Samples\SampleClient\Debug\link.read.1.tlog
C:\Users\umroot\Desktop\NatNet_SDK_2.10\NatNetSDK\Samples\SampleClient\Debug\link.write.1.tlog
C:\Users\umroot\Desktop\NatNet_SDK_2.10\NatNetSDK\Samples\SampleClient\Debug\vc110.pdb
C:\Users\umroot\Desktop\NatNet_SDK_2.10\NatNetSDK\Samples\\bin\SampleClient.pdb
